Analysis & Elaboration report for pipeline
Tue Nov 25 14:58:25 2025
Quartus Prime Version 20.1.1 Build 720 11/11/2020 SJ Lite Edition


---------------------
; Table of Contents ;
---------------------
  1. Legal Notice
  2. Analysis & Elaboration Summary
  3. Parallel Compilation
  4. Parameter Settings for User Entity Instance: pipe_reg:IFID_REG
  5. Parameter Settings for User Entity Instance: pipe_reg:IDEX_REG
  6. Parameter Settings for User Entity Instance: pipe_reg:EXMEM_REG
  7. Parameter Settings for User Entity Instance: pipe_reg:MEMWB_REG
  8. Analysis & Elaboration Settings
  9. Port Connectivity Checks: "pipe_reg:MEMWB_REG"
 10. Port Connectivity Checks: "pipe_reg:EXMEM_REG"
 11. Port Connectivity Checks: "ULA16:ULA_EX"
 12. Port Connectivity Checks: "mux2_1:MUX_Y"
 13. Port Connectivity Checks: "pipe_reg:IDEX_REG"
 14. Port Connectivity Checks: "pipe_reg:IFID_REG"
 15. Port Connectivity Checks: "ULA_sim:ULA_PC|full_adder:STAGE0"
 16. Port Connectivity Checks: "ULA_sim:ULA_PC"
 17. Analysis & Elaboration Messages



----------------
; Legal Notice ;
----------------
Copyright (C) 2020  Intel Corporation. All rights reserved.
Your use of Intel Corporation's design tools, logic functions 
and other software and tools, and any partner logic 
functions, and any output files from any of the foregoing 
(including device programming or simulation files), and any 
associated documentation or information are expressly subject 
to the terms and conditions of the Intel Program License 
Subscription Agreement, the Intel Quartus Prime License Agreement,
the Intel FPGA IP License Agreement, or other applicable license
agreement, including, without limitation, that your use is for
the sole purpose of programming logic devices manufactured by
Intel and sold by Intel or its authorized distributors.  Please
refer to the applicable agreement for further details, at
https://fpgasoftware.intel.com/eula.



+----------------------------------------------------------------------------------+
; Analysis & Elaboration Summary                                                   ;
+------------------------------------+---------------------------------------------+
; Analysis & Elaboration Status      ; Successful - Tue Nov 25 14:58:25 2025       ;
; Quartus Prime Version              ; 20.1.1 Build 720 11/11/2020 SJ Lite Edition ;
; Revision Name                      ; pipeline                                    ;
; Top-level Entity Name              ; pipeline                                    ;
; Family                             ; Cyclone IV E                                ;
; Total logic elements               ; N/A until Partition Merge                   ;
;     Total combinational functions  ; N/A until Partition Merge                   ;
;     Dedicated logic registers      ; N/A until Partition Merge                   ;
; Total registers                    ; N/A until Partition Merge                   ;
; Total pins                         ; N/A until Partition Merge                   ;
; Total virtual pins                 ; N/A until Partition Merge                   ;
; Total memory bits                  ; N/A until Partition Merge                   ;
; Embedded Multiplier 9-bit elements ; N/A until Partition Merge                   ;
; Total PLLs                         ; N/A until Partition Merge                   ;
+------------------------------------+---------------------------------------------+


+------------------------------------------+
; Parallel Compilation                     ;
+----------------------------+-------------+
; Processors                 ; Number      ;
+----------------------------+-------------+
; Number detected on machine ; 8           ;
; Maximum allowed            ; 4           ;
;                            ;             ;
; Average used               ; 1.00        ;
; Maximum used               ; 1           ;
;                            ;             ;
; Usage by Processor         ; % Time Used ;
;     Processor 1            ; 100.0%      ;
+----------------------------+-------------+


+----------------------------------------------------------------+
; Parameter Settings for User Entity Instance: pipe_reg:IFID_REG ;
+----------------+-------+---------------------------------------+
; Parameter Name ; Value ; Type                                  ;
+----------------+-------+---------------------------------------+
; width          ; 20    ; Signed Integer                        ;
+----------------+-------+---------------------------------------+
Note: In order to hide this table in the UI and the text report file, please set the "Show Parameter Settings in Synthesis Report" option in "Analysis and Synthesis Settings -> More Settings" to "Off".


+----------------------------------------------------------------+
; Parameter Settings for User Entity Instance: pipe_reg:IDEX_REG ;
+----------------+-------+---------------------------------------+
; Parameter Name ; Value ; Type                                  ;
+----------------+-------+---------------------------------------+
; width          ; 59    ; Signed Integer                        ;
+----------------+-------+---------------------------------------+
Note: In order to hide this table in the UI and the text report file, please set the "Show Parameter Settings in Synthesis Report" option in "Analysis and Synthesis Settings -> More Settings" to "Off".


+-----------------------------------------------------------------+
; Parameter Settings for User Entity Instance: pipe_reg:EXMEM_REG ;
+----------------+-------+----------------------------------------+
; Parameter Name ; Value ; Type                                   ;
+----------------+-------+----------------------------------------+
; width          ; 40    ; Signed Integer                         ;
+----------------+-------+----------------------------------------+
Note: In order to hide this table in the UI and the text report file, please set the "Show Parameter Settings in Synthesis Report" option in "Analysis and Synthesis Settings -> More Settings" to "Off".


+-----------------------------------------------------------------+
; Parameter Settings for User Entity Instance: pipe_reg:MEMWB_REG ;
+----------------+-------+----------------------------------------+
; Parameter Name ; Value ; Type                                   ;
+----------------+-------+----------------------------------------+
; width          ; 38    ; Signed Integer                         ;
+----------------+-------+----------------------------------------+
Note: In order to hide this table in the UI and the text report file, please set the "Show Parameter Settings in Synthesis Report" option in "Analysis and Synthesis Settings -> More Settings" to "Off".


+------------------------------------------------------------------------------------------------------------+
; Analysis & Elaboration Settings                                                                            ;
+------------------------------------------------------------------+--------------------+--------------------+
; Option                                                           ; Setting            ; Default Value      ;
+------------------------------------------------------------------+--------------------+--------------------+
; Device                                                           ; EP4CE115F29C7      ;                    ;
; Top-level entity name                                            ; pipeline           ; pipeline           ;
; Family name                                                      ; Cyclone IV E       ; Cyclone V          ;
; VHDL Show LMF Mapping Messages                                   ; Off                ;                    ;
; VHDL Version                                                     ; VHDL_2008          ; VHDL_1993          ;
; Use smart compilation                                            ; Off                ; Off                ;
; Enable parallel Assembler and Timing Analyzer during compilation ; On                 ; On                 ;
; Enable compact report table                                      ; Off                ; Off                ;
; Restructure Multiplexers                                         ; Auto               ; Auto               ;
; Create Debugging Nodes for IP Cores                              ; Off                ; Off                ;
; Preserve fewer node names                                        ; On                 ; On                 ;
; Intel FPGA IP Evaluation Mode                                    ; Enable             ; Enable             ;
; Verilog Version                                                  ; Verilog_2001       ; Verilog_2001       ;
; State Machine Processing                                         ; Auto               ; Auto               ;
; Safe State Machine                                               ; Off                ; Off                ;
; Extract Verilog State Machines                                   ; On                 ; On                 ;
; Extract VHDL State Machines                                      ; On                 ; On                 ;
; Ignore Verilog initial constructs                                ; Off                ; Off                ;
; Iteration limit for constant Verilog loops                       ; 5000               ; 5000               ;
; Iteration limit for non-constant Verilog loops                   ; 250                ; 250                ;
; Add Pass-Through Logic to Inferred RAMs                          ; On                 ; On                 ;
; Infer RAMs from Raw Logic                                        ; On                 ; On                 ;
; Parallel Synthesis                                               ; On                 ; On                 ;
; DSP Block Balancing                                              ; Auto               ; Auto               ;
; NOT Gate Push-Back                                               ; On                 ; On                 ;
; Power-Up Don't Care                                              ; On                 ; On                 ;
; Remove Redundant Logic Cells                                     ; Off                ; Off                ;
; Remove Duplicate Registers                                       ; On                 ; On                 ;
; Ignore CARRY Buffers                                             ; Off                ; Off                ;
; Ignore CASCADE Buffers                                           ; Off                ; Off                ;
; Ignore GLOBAL Buffers                                            ; Off                ; Off                ;
; Ignore ROW GLOBAL Buffers                                        ; Off                ; Off                ;
; Ignore LCELL Buffers                                             ; Off                ; Off                ;
; Ignore SOFT Buffers                                              ; On                 ; On                 ;
; Limit AHDL Integers to 32 Bits                                   ; Off                ; Off                ;
; Optimization Technique                                           ; Balanced           ; Balanced           ;
; Carry Chain Length                                               ; 70                 ; 70                 ;
; Auto Carry Chains                                                ; On                 ; On                 ;
; Auto Open-Drain Pins                                             ; On                 ; On                 ;
; Perform WYSIWYG Primitive Resynthesis                            ; Off                ; Off                ;
; Auto ROM Replacement                                             ; On                 ; On                 ;
; Auto RAM Replacement                                             ; On                 ; On                 ;
; Auto DSP Block Replacement                                       ; On                 ; On                 ;
; Auto Shift Register Replacement                                  ; Auto               ; Auto               ;
; Allow Shift Register Merging across Hierarchies                  ; Auto               ; Auto               ;
; Auto Clock Enable Replacement                                    ; On                 ; On                 ;
; Strict RAM Replacement                                           ; Off                ; Off                ;
; Allow Synchronous Control Signals                                ; On                 ; On                 ;
; Force Use of Synchronous Clear Signals                           ; Off                ; Off                ;
; Auto RAM Block Balancing                                         ; On                 ; On                 ;
; Auto RAM to Logic Cell Conversion                                ; Off                ; Off                ;
; Auto Resource Sharing                                            ; Off                ; Off                ;
; Allow Any RAM Size For Recognition                               ; Off                ; Off                ;
; Allow Any ROM Size For Recognition                               ; Off                ; Off                ;
; Allow Any Shift Register Size For Recognition                    ; Off                ; Off                ;
; Use LogicLock Constraints during Resource Balancing              ; On                 ; On                 ;
; Ignore translate_off and synthesis_off directives                ; Off                ; Off                ;
; Timing-Driven Synthesis                                          ; On                 ; On                 ;
; Report Parameter Settings                                        ; On                 ; On                 ;
; Report Source Assignments                                        ; On                 ; On                 ;
; Report Connectivity Checks                                       ; On                 ; On                 ;
; Ignore Maximum Fan-Out Assignments                               ; Off                ; Off                ;
; Synchronization Register Chain Length                            ; 2                  ; 2                  ;
; Power Optimization During Synthesis                              ; Normal compilation ; Normal compilation ;
; HDL message level                                                ; Level2             ; Level2             ;
; Suppress Register Optimization Related Messages                  ; Off                ; Off                ;
; Number of Removed Registers Reported in Synthesis Report         ; 5000               ; 5000               ;
; Number of Swept Nodes Reported in Synthesis Report               ; 5000               ; 5000               ;
; Number of Inverted Registers Reported in Synthesis Report        ; 100                ; 100                ;
; Clock MUX Protection                                             ; On                 ; On                 ;
; Auto Gated Clock Conversion                                      ; Off                ; Off                ;
; Block Design Naming                                              ; Auto               ; Auto               ;
; SDC constraint protection                                        ; Off                ; Off                ;
; Synthesis Effort                                                 ; Auto               ; Auto               ;
; Shift Register Replacement - Allow Asynchronous Clear Signal     ; On                 ; On                 ;
; Pre-Mapping Resynthesis Optimization                             ; Off                ; Off                ;
; Analysis & Synthesis Message Level                               ; Medium             ; Medium             ;
; Disable Register Merging Across Hierarchies                      ; Auto               ; Auto               ;
; Resource Aware Inference For Block RAM                           ; On                 ; On                 ;
+------------------------------------------------------------------+--------------------+--------------------+


+------------------------------------------------+
; Port Connectivity Checks: "pipe_reg:MEMWB_REG" ;
+-------+-------+----------+---------------------+
; Port  ; Type  ; Severity ; Details             ;
+-------+-------+----------+---------------------+
; stall ; Input ; Info     ; Stuck at GND        ;
; flush ; Input ; Info     ; Stuck at GND        ;
+-------+-------+----------+---------------------+


+------------------------------------------------+
; Port Connectivity Checks: "pipe_reg:EXMEM_REG" ;
+-------+-------+----------+---------------------+
; Port  ; Type  ; Severity ; Details             ;
+-------+-------+----------+---------------------+
; stall ; Input ; Info     ; Stuck at GND        ;
; flush ; Input ; Info     ; Stuck at GND        ;
+-------+-------+----------+---------------------+


+----------------------------------------------------------------------------------------------------------------+
; Port Connectivity Checks: "ULA16:ULA_EX"                                                                       ;
+------+--------+----------+-------------------------------------------------------------------------------------+
; Port ; Type   ; Severity ; Details                                                                             ;
+------+--------+----------+-------------------------------------------------------------------------------------+
; cout ; Output ; Info     ; Connected to dangling logic. Logic that only feeds a dangling port will be removed. ;
+------+--------+----------+-------------------------------------------------------------------------------------+


+--------------------------------------------+
; Port Connectivity Checks: "mux2_1:MUX_Y"   ;
+----------+-------+----------+--------------+
; Port     ; Type  ; Severity ; Details      ;
+----------+-------+----------+--------------+
; b[15..5] ; Input ; Info     ; Stuck at GND ;
+----------+-------+----------+--------------+


+----------------------------------------------------------------------------------------------------------------------------+
; Port Connectivity Checks: "pipe_reg:IDEX_REG"                                                                              ;
+------------------+--------+----------+-------------------------------------------------------------------------------------+
; Port             ; Type   ; Severity ; Details                                                                             ;
+------------------+--------+----------+-------------------------------------------------------------------------------------+
; stall            ; Input  ; Info     ; Stuck at GND                                                                        ;
; flush            ; Input  ; Info     ; Stuck at GND                                                                        ;
; data_out[53..52] ; Output ; Info     ; Connected to dangling logic. Logic that only feeds a dangling port will be removed. ;
; data_out[48..45] ; Output ; Info     ; Connected to dangling logic. Logic that only feeds a dangling port will be removed. ;
; data_out[12..9]  ; Output ; Info     ; Connected to dangling logic. Logic that only feeds a dangling port will be removed. ;
+------------------+--------+----------+-------------------------------------------------------------------------------------+


+-----------------------------------------------+
; Port Connectivity Checks: "pipe_reg:IFID_REG" ;
+-------+-------+----------+--------------------+
; Port  ; Type  ; Severity ; Details            ;
+-------+-------+----------+--------------------+
; stall ; Input ; Info     ; Stuck at GND       ;
; flush ; Input ; Info     ; Stuck at GND       ;
+-------+-------+----------+--------------------+


+--------------------------------------------------------------+
; Port Connectivity Checks: "ULA_sim:ULA_PC|full_adder:STAGE0" ;
+------+-------+----------+------------------------------------+
; Port ; Type  ; Severity ; Details                            ;
+------+-------+----------+------------------------------------+
; cin  ; Input ; Info     ; Stuck at GND                       ;
+------+-------+----------+------------------------------------+


+-------------------------------------------------------------------------------------------------------------------+
; Port Connectivity Checks: "ULA_sim:ULA_PC"                                                                        ;
+---------+--------+----------+-------------------------------------------------------------------------------------+
; Port    ; Type   ; Severity ; Details                                                                             ;
+---------+--------+----------+-------------------------------------------------------------------------------------+
; y[3..1] ; Input  ; Info     ; Stuck at GND                                                                        ;
; y[0]    ; Input  ; Info     ; Stuck at VCC                                                                        ;
; cout    ; Output ; Info     ; Connected to dangling logic. Logic that only feeds a dangling port will be removed. ;
+---------+--------+----------+-------------------------------------------------------------------------------------+


+---------------------------------+
; Analysis & Elaboration Messages ;
+---------------------------------+
Info: *******************************************************************
Info: Running Quartus Prime Analysis & Elaboration
    Info: Version 20.1.1 Build 720 11/11/2020 SJ Lite Edition
    Info: Processing started: Tue Nov 25 14:58:04 2025
Info: Command: quartus_map --read_settings_files=on --write_settings_files=off pipeline -c pipeline --analysis_and_elaboration
Warning (18236): Number of processors has not been specified which may cause overloading on shared machines.  Set the global assignment NUM_PARALLEL_PROCESSORS in your QSF to an appropriate value for best performance.
Info (20030): Parallel compilation is enabled and will use 4 of the 4 processors detected
Info (12021): Found 2 design units, including 1 entities, in source file mem_inst.vhd
    Info (12022): Found design unit 1: mem_inst-LOGIC File: C:/Users/23011659/Documents/proj_final/mem_inst.vhd Line: 15
    Info (12023): Found entity 1: mem_inst File: C:/Users/23011659/Documents/proj_final/mem_inst.vhd Line: 8
Info (12021): Found 1 design units, including 0 entities, in source file mem_inst_package.vhd
    Info (12022): Found design unit 1: mem_inst_package File: C:/Users/23011659/Documents/proj_final/mem_inst_package.vhd Line: 24
Info (12021): Found 2 design units, including 1 entities, in source file pipeline.vhd
    Info (12022): Found design unit 1: pipeline-LOGIC File: C:/Users/23011659/Documents/proj_final/pipeline.vhd Line: 21
    Info (12023): Found entity 1: pipeline File: C:/Users/23011659/Documents/proj_final/pipeline.vhd Line: 14
Info (12021): Found 2 design units, including 1 entities, in source file pc.vhd
    Info (12022): Found design unit 1: pc-LOGIC File: C:/Users/23011659/Documents/proj_final/pc.vhd Line: 17
    Info (12023): Found entity 1: pc File: C:/Users/23011659/Documents/proj_final/pc.vhd Line: 8
Info (12021): Found 1 design units, including 0 entities, in source file pc_package.vhd
    Info (12022): Found design unit 1: pc_package File: C:/Users/23011659/Documents/proj_final/pc_package.vhd Line: 24
Info (12021): Found 2 design units, including 1 entities, in source file full_adder.vhd
    Info (12022): Found design unit 1: full_adder-LOGIC File: C:/Users/23011659/Documents/proj_final/full_adder.vhd Line: 11
    Info (12023): Found entity 1: full_adder File: C:/Users/23011659/Documents/proj_final/full_adder.vhd Line: 6
Info (12021): Found 1 design units, including 0 entities, in source file full_adder_package.vhd
    Info (12022): Found design unit 1: full_adder_package File: C:/Users/23011659/Documents/proj_final/full_adder_package.vhd Line: 23
Info (12021): Found 2 design units, including 1 entities, in source file ula_sim.vhd
    Info (12022): Found design unit 1: ULA_sim-logic File: C:/Users/23011659/Documents/proj_final/ULA_sim.vhd Line: 16
    Info (12023): Found entity 1: ULA_sim File: C:/Users/23011659/Documents/proj_final/ULA_sim.vhd Line: 7
Info (12021): Found 1 design units, including 0 entities, in source file ula_sim_package.vhd
    Info (12022): Found design unit 1: ULA_sim_package File: C:/Users/23011659/Documents/proj_final/ULA_sim_package.vhd Line: 24
Info (12021): Found 2 design units, including 1 entities, in source file pipe_reg.vhd
    Info (12022): Found design unit 1: pipe_reg-LOGIC File: C:/Users/23011659/Documents/proj_final/pipe_reg.vhd Line: 22
    Info (12023): Found entity 1: pipe_reg File: C:/Users/23011659/Documents/proj_final/pipe_reg.vhd Line: 8
Info (12021): Found 1 design units, including 0 entities, in source file pipe_reg_package.vhd
    Info (12022): Found design unit 1: pipe_reg_package File: C:/Users/23011659/Documents/proj_final/pipe_reg_package.vhd Line: 24
Info (12021): Found 2 design units, including 1 entities, in source file reg_file.vhd
    Info (12022): Found design unit 1: reg_file-LOGIC File: C:/Users/23011659/Documents/proj_final/reg_file.vhd Line: 18
    Info (12023): Found entity 1: reg_file File: C:/Users/23011659/Documents/proj_final/reg_file.vhd Line: 5
Info (12021): Found 1 design units, including 0 entities, in source file reg_file_package.vhd
    Info (12022): Found design unit 1: reg_file_package File: C:/Users/23011659/Documents/proj_final/reg_file_package.vhd Line: 24
Info (12021): Found 2 design units, including 1 entities, in source file uc.vhd
    Info (12022): Found design unit 1: UC-LOGIC File: C:/Users/23011659/Documents/proj_final/UC.vhd Line: 19
    Info (12023): Found entity 1: UC File: C:/Users/23011659/Documents/proj_final/UC.vhd Line: 4
Info (12021): Found 1 design units, including 0 entities, in source file uc_package.vhd
    Info (12022): Found design unit 1: UC_package File: C:/Users/23011659/Documents/proj_final/UC_package.vhd Line: 22
Info (12021): Found 2 design units, including 1 entities, in source file ula16.vhd
    Info (12022): Found design unit 1: ULA16-LOGIC File: C:/Users/23011659/Documents/proj_final/ULA16.vhd Line: 18
    Info (12023): Found entity 1: ULA16 File: C:/Users/23011659/Documents/proj_final/ULA16.vhd Line: 8
Info (12021): Found 1 design units, including 0 entities, in source file ula16_package.vhd
    Info (12022): Found design unit 1: ULA16_package File: C:/Users/23011659/Documents/proj_final/ULA16_package.vhd Line: 24
Info (12021): Found 2 design units, including 1 entities, in source file mux2_1.vhd
    Info (12022): Found design unit 1: mux2_1-logic File: C:/Users/23011659/Documents/proj_final/mux2_1.vhd Line: 16
    Info (12023): Found entity 1: mux2_1 File: C:/Users/23011659/Documents/proj_final/mux2_1.vhd Line: 7
Info (12021): Found 1 design units, including 0 entities, in source file mux2_1_package.vhd
    Info (12022): Found design unit 1: mux2_1_package File: C:/Users/23011659/Documents/proj_final/mux2_1_package.vhd Line: 23
Info (12021): Found 2 design units, including 1 entities, in source file data_mem.vhd
    Info (12022): Found design unit 1: data_mem-LOGIC File: C:/Users/23011659/Documents/proj_final/data_mem.vhd Line: 21
    Info (12023): Found entity 1: data_mem File: C:/Users/23011659/Documents/proj_final/data_mem.vhd Line: 10
Info (12021): Found 1 design units, including 0 entities, in source file data_mem_package.vhd
    Info (12022): Found design unit 1: data_mem_package File: C:/Users/23011659/Documents/proj_final/data_mem_package.vhd Line: 24
Info (12127): Elaborating entity "pipeline" for the top level hierarchy
Warning (10540): VHDL Signal Declaration warning at pipeline.vhd(31): used explicit default value for signal "ULA_INC" because signal was never assigned a value File: C:/Users/23011659/Documents/proj_final/pipeline.vhd Line: 31
Warning (10540): VHDL Signal Declaration warning at pipeline.vhd(37): used explicit default value for signal "IFID_STALL" because signal was never assigned a value File: C:/Users/23011659/Documents/proj_final/pipeline.vhd Line: 37
Warning (10540): VHDL Signal Declaration warning at pipeline.vhd(38): used explicit default value for signal "IFID_FLUSH" because signal was never assigned a value File: C:/Users/23011659/Documents/proj_final/pipeline.vhd Line: 38
Warning (10540): VHDL Signal Declaration warning at pipeline.vhd(59): used explicit default value for signal "IDEX_STALL" because signal was never assigned a value File: C:/Users/23011659/Documents/proj_final/pipeline.vhd Line: 59
Warning (10540): VHDL Signal Declaration warning at pipeline.vhd(60): used explicit default value for signal "IDEX_FLUSH" because signal was never assigned a value File: C:/Users/23011659/Documents/proj_final/pipeline.vhd Line: 60
Warning (10540): VHDL Signal Declaration warning at pipeline.vhd(81): used explicit default value for signal "EXMEM_STALL" because signal was never assigned a value File: C:/Users/23011659/Documents/proj_final/pipeline.vhd Line: 81
Warning (10540): VHDL Signal Declaration warning at pipeline.vhd(82): used explicit default value for signal "EXMEM_FLUSH" because signal was never assigned a value File: C:/Users/23011659/Documents/proj_final/pipeline.vhd Line: 82
Warning (10540): VHDL Signal Declaration warning at pipeline.vhd(91): used explicit default value for signal "MEMWB_STALL" because signal was never assigned a value File: C:/Users/23011659/Documents/proj_final/pipeline.vhd Line: 91
Warning (10540): VHDL Signal Declaration warning at pipeline.vhd(92): used explicit default value for signal "MEMWB_FLUSH" because signal was never assigned a value File: C:/Users/23011659/Documents/proj_final/pipeline.vhd Line: 92
Warning (10036): Verilog HDL or VHDL warning at pipeline.vhd(104): object "OVERFLOW" assigned a value but never read File: C:/Users/23011659/Documents/proj_final/pipeline.vhd Line: 104
Info (12128): Elaborating entity "ULA_sim" for hierarchy "ULA_sim:ULA_PC" File: C:/Users/23011659/Documents/proj_final/pipeline.vhd Line: 108
Info (12128): Elaborating entity "full_adder" for hierarchy "ULA_sim:ULA_PC|full_adder:STAGE0" File: C:/Users/23011659/Documents/proj_final/ULA_sim.vhd Line: 22
Info (12128): Elaborating entity "pc" for hierarchy "pc:PC_REG" File: C:/Users/23011659/Documents/proj_final/pipeline.vhd Line: 111
Info (12128): Elaborating entity "mem_inst" for hierarchy "mem_inst:MEM_INSTRUCAO" File: C:/Users/23011659/Documents/proj_final/pipeline.vhd Line: 114
Info (12128): Elaborating entity "pipe_reg" for hierarchy "pipe_reg:IFID_REG" File: C:/Users/23011659/Documents/proj_final/pipeline.vhd Line: 119
Info (12128): Elaborating entity "reg_file" for hierarchy "reg_file:REG_MEM" File: C:/Users/23011659/Documents/proj_final/pipeline.vhd Line: 124
Info (12128): Elaborating entity "UC" for hierarchy "UC:CONTROL" File: C:/Users/23011659/Documents/proj_final/pipeline.vhd Line: 127
Info (12128): Elaborating entity "pipe_reg" for hierarchy "pipe_reg:IDEX_REG" File: C:/Users/23011659/Documents/proj_final/pipeline.vhd Line: 149
Info (12128): Elaborating entity "mux2_1" for hierarchy "mux2_1:MUX_Y" File: C:/Users/23011659/Documents/proj_final/pipeline.vhd Line: 158
Info (12128): Elaborating entity "ULA16" for hierarchy "ULA16:ULA_EX" File: C:/Users/23011659/Documents/proj_final/pipeline.vhd Line: 168
Info (12128): Elaborating entity "pipe_reg" for hierarchy "pipe_reg:EXMEM_REG" File: C:/Users/23011659/Documents/proj_final/pipeline.vhd Line: 187
Info (12128): Elaborating entity "data_mem" for hierarchy "data_mem:MEM_DADOS" File: C:/Users/23011659/Documents/proj_final/pipeline.vhd Line: 192
Info (12128): Elaborating entity "pipe_reg" for hierarchy "pipe_reg:MEMWB_REG" File: C:/Users/23011659/Documents/proj_final/pipeline.vhd Line: 202
Warning (20013): Ignored 407 assignments for entity "DE2_115" -- entity does not exist in design
    Warning (20014): Assignment for entity set_instance_assignment -name IO_STANDARD "3.3-V LVTTL" -to AUD_ADCDAT -entity DE2_115 was ignored
    Warning (20014): Assignment for entity set_instance_assignment -name IO_STANDARD "3.3-V LVTTL" -to AUD_ADCLRCK -entity DE2_115 was ignored
    Warning (20014): Assignment for entity set_instance_assignment -name IO_STANDARD "3.3-V LVTTL" -to AUD_BCLK -entity DE2_115 was ignored
    Warning (20014): Assignment for entity set_instance_assignment -name IO_STANDARD "3.3-V LVTTL" -to AUD_DACDAT -entity DE2_115 was ignored
    Warning (20014): Assignment for entity set_instance_assignment -name IO_STANDARD "3.3-V LVTTL" -to AUD_DACLRCK -entity DE2_115 was ignored
    Warning (20014): Assignment for entity set_instance_assignment -name IO_STANDARD "3.3-V LVTTL" -to AUD_XCK -entity DE2_115 was ignored
    Warning (20014): Assignment for entity set_instance_assignment -name IO_STANDARD "3.3-V LVTTL" -to CLOCK2_50 -entity DE2_115 was ignored
    Warning (20014): Assignment for entity set_instance_assignment -name IO_STANDARD "3.3-V LVTTL" -to CLOCK3_50 -entity DE2_115 was ignored
    Warning (20014): Assignment for entity set_instance_assignment -name IO_STANDARD "3.3-V LVTTL" -to CLOCK_50 -entity DE2_115 was ignored
    Warning (20014): Assignment for entity set_instance_assignment -name IO_STANDARD "3.3-V LVTTL" -to DRAM_ADDR[0] -entity DE2_115 was ignored
    Warning (20014): Assignment for entity set_instance_assignment -name IO_STANDARD "3.3-V LVTTL" -to DRAM_ADDR[10] -entity DE2_115 was ignored
    Warning (20014): Assignment for entity set_instance_assignment -name IO_STANDARD "3.3-V LVTTL" -to DRAM_ADDR[11] -entity DE2_115 was ignored
    Warning (20014): Assignment for entity set_instance_assignment -name IO_STANDARD "3.3-V LVTTL" -to DRAM_ADDR[12] -entity DE2_115 was ignored
    Warning (20014): Assignment for entity set_instance_assignment -name IO_STANDARD "3.3-V LVTTL" -to DRAM_ADDR[1] -entity DE2_115 was ignored
    Warning (20014): Assignment for entity set_instance_assignment -name IO_STANDARD "3.3-V LVTTL" -to DRAM_ADDR[2] -entity DE2_115 was ignored
    Warning (20014): Assignment for entity set_instance_assignment -name IO_STANDARD "3.3-V LVTTL" -to DRAM_ADDR[3] -entity DE2_115 was ignored
    Warning (20014): Assignment for entity set_instance_assignment -name IO_STANDARD "3.3-V LVTTL" -to DRAM_ADDR[4] -entity DE2_115 was ignored
    Warning (20014): Assignment for entity set_instance_assignment -name IO_STANDARD "3.3-V LVTTL" -to DRAM_ADDR[5] -entity DE2_115 was ignored
    Warning (20014): Assignment for entity set_instance_assignment -name IO_STANDARD "3.3-V LVTTL" -to DRAM_ADDR[6] -entity DE2_115 was ignored
    Warning (20014): Assignment for entity set_instance_assignment -name IO_STANDARD "3.3-V LVTTL" -to DRAM_ADDR[7] -entity DE2_115 was ignored
    Warning (20014): Assignment for entity set_instance_assignment -name IO_STANDARD "3.3-V LVTTL" -to DRAM_ADDR[8] -entity DE2_115 was ignored
    Warning (20014): Assignment for entity set_instance_assignment -name IO_STANDARD "3.3-V LVTTL" -to DRAM_ADDR[9] -entity DE2_115 was ignored
    Warning (20014): Assignment for entity set_instance_assignment -name IO_STANDARD "3.3-V LVTTL" -to DRAM_BA[0] -entity DE2_115 was ignored
    Warning (20014): Assignment for entity set_instance_assignment -name IO_STANDARD "3.3-V LVTTL" -to DRAM_BA[1] -entity DE2_115 was ignored
    Warning (20014): Assignment for entity set_instance_assignment -name IO_STANDARD "3.3-V LVTTL" -to DRAM_CAS_N -entity DE2_115 was ignored
    Warning (20014): Assignment for entity set_instance_assignment -name IO_STANDARD "3.3-V LVTTL" -to DRAM_CKE -entity DE2_115 was ignored
    Warning (20014): Assignment for entity set_instance_assignment -name IO_STANDARD "3.3-V LVTTL" -to DRAM_CLK -entity DE2_115 was ignored
    Warning (20014): Assignment for entity set_instance_assignment -name IO_STANDARD "3.3-V LVTTL" -to DRAM_CS_N -entity DE2_115 was ignored
    Warning (20014): Assignment for entity set_instance_assignment -name IO_STANDARD "3.3-V LVTTL" -to DRAM_DQM[0] -entity DE2_115 was ignored
    Warning (20014): Assignment for entity set_instance_assignment -name IO_STANDARD "3.3-V LVTTL" -to DRAM_DQM[1] -entity DE2_115 was ignored
    Warning (20014): Assignment for entity set_instance_assignment -name IO_STANDARD "3.3-V LVTTL" -to DRAM_DQM[2] -entity DE2_115 was ignored
    Warning (20014): Assignment for entity set_instance_assignment -name IO_STANDARD "3.3-V LVTTL" -to DRAM_DQM[3] -entity DE2_115 was ignored
    Warning (20014): Assignment for entity set_instance_assignment -name IO_STANDARD "3.3-V LVTTL" -to DRAM_DQ[0] -entity DE2_115 was ignored
    Warning (20014): Assignment for entity set_instance_assignment -name IO_STANDARD "3.3-V LVTTL" -to DRAM_DQ[10] -entity DE2_115 was ignored
    Warning (20014): Assignment for entity set_instance_assignment -name IO_STANDARD "3.3-V LVTTL" -to DRAM_DQ[11] -entity DE2_115 was ignored
    Warning (20014): Assignment for entity set_instance_assignment -name IO_STANDARD "3.3-V LVTTL" -to DRAM_DQ[12] -entity DE2_115 was ignored
    Warning (20014): Assignment for entity set_instance_assignment -name IO_STANDARD "3.3-V LVTTL" -to DRAM_DQ[13] -entity DE2_115 was ignored
    Warning (20014): Assignment for entity set_instance_assignment -name IO_STANDARD "3.3-V LVTTL" -to DRAM_DQ[14] -entity DE2_115 was ignored
    Warning (20014): Assignment for entity set_instance_assignment -name IO_STANDARD "3.3-V LVTTL" -to DRAM_DQ[15] -entity DE2_115 was ignored
    Warning (20014): Assignment for entity set_instance_assignment -name IO_STANDARD "3.3-V LVTTL" -to DRAM_DQ[16] -entity DE2_115 was ignored
    Warning (20014): Assignment for entity set_instance_assignment -name IO_STANDARD "3.3-V LVTTL" -to DRAM_DQ[17] -entity DE2_115 was ignored
    Warning (20014): Assignment for entity set_instance_assignment -name IO_STANDARD "3.3-V LVTTL" -to DRAM_DQ[18] -entity DE2_115 was ignored
    Warning (20014): Assignment for entity set_instance_assignment -name IO_STANDARD "3.3-V LVTTL" -to DRAM_DQ[19] -entity DE2_115 was ignored
    Warning (20014): Assignment for entity set_instance_assignment -name IO_STANDARD "3.3-V LVTTL" -to DRAM_DQ[1] -entity DE2_115 was ignored
    Warning (20014): Assignment for entity set_instance_assignment -name IO_STANDARD "3.3-V LVTTL" -to DRAM_DQ[20] -entity DE2_115 was ignored
    Warning (20014): Assignment for entity set_instance_assignment -name IO_STANDARD "3.3-V LVTTL" -to DRAM_DQ[21] -entity DE2_115 was ignored
    Warning (20014): Assignment for entity set_instance_assignment -name IO_STANDARD "3.3-V LVTTL" -to DRAM_DQ[22] -entity DE2_115 was ignored
    Warning (20014): Assignment for entity set_instance_assignment -name IO_STANDARD "3.3-V LVTTL" -to DRAM_DQ[23] -entity DE2_115 was ignored
    Warning (20014): Assignment for entity set_instance_assignment -name IO_STANDARD "3.3-V LVTTL" -to DRAM_DQ[24] -entity DE2_115 was ignored
    Warning (20014): Assignment for entity set_instance_assignment -name IO_STANDARD "3.3-V LVTTL" -to DRAM_DQ[25] -entity DE2_115 was ignored
    Warning (20014): Assignment for entity set_instance_assignment -name IO_STANDARD "3.3-V LVTTL" -to DRAM_DQ[26] -entity DE2_115 was ignored
    Warning (20014): Assignment for entity set_instance_assignment -name IO_STANDARD "3.3-V LVTTL" -to DRAM_DQ[27] -entity DE2_115 was ignored
    Warning (20014): Assignment for entity set_instance_assignment -name IO_STANDARD "3.3-V LVTTL" -to DRAM_DQ[28] -entity DE2_115 was ignored
    Warning (20014): Assignment for entity set_instance_assignment -name IO_STANDARD "3.3-V LVTTL" -to DRAM_DQ[29] -entity DE2_115 was ignored
    Warning (20014): Assignment for entity set_instance_assignment -name IO_STANDARD "3.3-V LVTTL" -to DRAM_DQ[2] -entity DE2_115 was ignored
    Warning (20014): Assignment for entity set_instance_assignment -name IO_STANDARD "3.3-V LVTTL" -to DRAM_DQ[30] -entity DE2_115 was ignored
    Warning (20014): Assignment for entity set_instance_assignment -name IO_STANDARD "3.3-V LVTTL" -to DRAM_DQ[31] -entity DE2_115 was ignored
    Warning (20014): Assignment for entity set_instance_assignment -name IO_STANDARD "3.3-V LVTTL" -to DRAM_DQ[3] -entity DE2_115 was ignored
    Warning (20014): Assignment for entity set_instance_assignment -name IO_STANDARD "3.3-V LVTTL" -to DRAM_DQ[4] -entity DE2_115 was ignored
    Warning (20014): Assignment for entity set_instance_assignment -name IO_STANDARD "3.3-V LVTTL" -to DRAM_DQ[5] -entity DE2_115 was ignored
    Warning (20014): Assignment for entity set_instance_assignment -name IO_STANDARD "3.3-V LVTTL" -to DRAM_DQ[6] -entity DE2_115 was ignored
    Warning (20014): Assignment for entity set_instance_assignment -name IO_STANDARD "3.3-V LVTTL" -to DRAM_DQ[7] -entity DE2_115 was ignored
    Warning (20014): Assignment for entity set_instance_assignment -name IO_STANDARD "3.3-V LVTTL" -to DRAM_DQ[8] -entity DE2_115 was ignored
    Warning (20014): Assignment for entity set_instance_assignment -name IO_STANDARD "3.3-V LVTTL" -to DRAM_DQ[9] -entity DE2_115 was ignored
    Warning (20014): Assignment for entity set_instance_assignment -name IO_STANDARD "3.3-V LVTTL" -to DRAM_RAS_N -entity DE2_115 was ignored
    Warning (20014): Assignment for entity set_instance_assignment -name IO_STANDARD "3.3-V LVTTL" -to DRAM_WE_N -entity DE2_115 was ignored
    Warning (20014): Assignment for entity set_instance_assignment -name IO_STANDARD "3.3-V LVTTL" -to EEP_I2C_SCLK -entity DE2_115 was ignored
    Warning (20014): Assignment for entity set_instance_assignment -name IO_STANDARD "3.3-V LVTTL" -to EEP_I2C_SDAT -entity DE2_115 was ignored
    Warning (20014): Assignment for entity set_instance_assignment -name IO_STANDARD "2.5 V" -to ENET0_GTX_CLK -entity DE2_115 was ignored
    Warning (20014): Assignment for entity set_instance_assignment -name IO_STANDARD "2.5 V" -to ENET0_INT_N -entity DE2_115 was ignored
    Warning (20014): Assignment for entity set_instance_assignment -name IO_STANDARD "3.3-V LVTTL" -to ENET0_LINK100 -entity DE2_115 was ignored
    Warning (20014): Assignment for entity set_instance_assignment -name IO_STANDARD "2.5 V" -to ENET0_MDC -entity DE2_115 was ignored
    Warning (20014): Assignment for entity set_instance_assignment -name IO_STANDARD "2.5 V" -to ENET0_MDIO -entity DE2_115 was ignored
    Warning (20014): Assignment for entity set_instance_assignment -name IO_STANDARD "2.5 V" -to ENET0_RST_N -entity DE2_115 was ignored
    Warning (20014): Assignment for entity set_instance_assignment -name IO_STANDARD "2.5 V" -to ENET0_RX_CLK -entity DE2_115 was ignored
    Warning (20014): Assignment for entity set_instance_assignment -name IO_STANDARD "2.5 V" -to ENET0_RX_COL -entity DE2_115 was ignored
    Warning (20014): Assignment for entity set_instance_assignment -name IO_STANDARD "2.5 V" -to ENET0_RX_CRS -entity DE2_115 was ignored
    Warning (20014): Assignment for entity set_instance_assignment -name IO_STANDARD "2.5 V" -to ENET0_RX_DATA[0] -entity DE2_115 was ignored
    Warning (20014): Assignment for entity set_instance_assignment -name IO_STANDARD "2.5 V" -to ENET0_RX_DATA[1] -entity DE2_115 was ignored
    Warning (20014): Assignment for entity set_instance_assignment -name IO_STANDARD "2.5 V" -to ENET0_RX_DATA[2] -entity DE2_115 was ignored
    Warning (20014): Assignment for entity set_instance_assignment -name IO_STANDARD "2.5 V" -to ENET0_RX_DATA[3] -entity DE2_115 was ignored
    Warning (20014): Assignment for entity set_instance_assignment -name IO_STANDARD "2.5 V" -to ENET0_RX_DV -entity DE2_115 was ignored
    Warning (20014): Assignment for entity set_instance_assignment -name IO_STANDARD "2.5 V" -to ENET0_RX_ER -entity DE2_115 was ignored
    Warning (20014): Assignment for entity set_instance_assignment -name IO_STANDARD "2.5 V" -to ENET0_TX_CLK -entity DE2_115 was ignored
    Warning (20014): Assignment for entity set_instance_assignment -name IO_STANDARD "2.5 V" -to ENET0_TX_DATA[0] -entity DE2_115 was ignored
    Warning (20014): Assignment for entity set_instance_assignment -name IO_STANDARD "2.5 V" -to ENET0_TX_DATA[1] -entity DE2_115 was ignored
    Warning (20014): Assignment for entity set_instance_assignment -name IO_STANDARD "2.5 V" -to ENET0_TX_DATA[2] -entity DE2_115 was ignored
    Warning (20014): Assignment for entity set_instance_assignment -name IO_STANDARD "2.5 V" -to ENET0_TX_DATA[3] -entity DE2_115 was ignored
    Warning (20014): Assignment for entity set_instance_assignment -name IO_STANDARD "2.5 V" -to ENET0_TX_EN -entity DE2_115 was ignored
    Warning (20014): Assignment for entity set_instance_assignment -name IO_STANDARD "2.5 V" -to ENET0_TX_ER -entity DE2_115 was ignored
    Warning (20014): Assignment for entity set_instance_assignment -name IO_STANDARD "2.5 V" -to ENET1_GTX_CLK -entity DE2_115 was ignored
    Warning (20014): Assignment for entity set_instance_assignment -name IO_STANDARD "2.5 V" -to ENET1_INT_N -entity DE2_115 was ignored
    Warning (20014): Assignment for entity set_instance_assignment -name IO_STANDARD "3.3-V LVTTL" -to ENET1_LINK100 -entity DE2_115 was ignored
    Warning (20014): Assignment for entity set_instance_assignment -name IO_STANDARD "2.5 V" -to ENET1_MDC -entity DE2_115 was ignored
    Warning (20014): Assignment for entity set_instance_assignment -name IO_STANDARD "2.5 V" -to ENET1_MDIO -entity DE2_115 was ignored
    Warning (20014): Assignment for entity set_instance_assignment -name IO_STANDARD "2.5 V" -to ENET1_RST_N -entity DE2_115 was ignored
    Warning (20014): Assignment for entity set_instance_assignment -name IO_STANDARD "2.5 V" -to ENET1_RX_CLK -entity DE2_115 was ignored
    Warning (20014): Assignment for entity set_instance_assignment -name IO_STANDARD "2.5 V" -to ENET1_RX_COL -entity DE2_115 was ignored
    Warning (20014): Assignment for entity set_instance_assignment -name IO_STANDARD "2.5 V" -to ENET1_RX_CRS -entity DE2_115 was ignored
    Warning (20014): Assignment for entity set_instance_assignment -name IO_STANDARD "2.5 V" -to ENET1_RX_DATA[0] -entity DE2_115 was ignored
    Warning (20014): Assignment for entity set_instance_assignment -name IO_STANDARD "2.5 V" -to ENET1_RX_DATA[1] -entity DE2_115 was ignored
    Warning (20014): Assignment for entity set_instance_assignment -name IO_STANDARD "2.5 V" -to ENET1_RX_DATA[2] -entity DE2_115 was ignored
    Warning (20014): Assignment for entity set_instance_assignment -name IO_STANDARD "2.5 V" -to ENET1_RX_DATA[3] -entity DE2_115 was ignored
    Warning (20014): Assignment for entity set_instance_assignment -name IO_STANDARD "2.5 V" -to ENET1_RX_DV -entity DE2_115 was ignored
    Warning (20014): Assignment for entity set_instance_assignment -name IO_STANDARD "2.5 V" -to ENET1_RX_ER -entity DE2_115 was ignored
    Warning (20014): Assignment for entity set_instance_assignment -name IO_STANDARD "2.5 V" -to ENET1_TX_CLK -entity DE2_115 was ignored
    Warning (20014): Assignment for entity set_instance_assignment -name IO_STANDARD "2.5 V" -to ENET1_TX_DATA[0] -entity DE2_115 was ignored
    Warning (20014): Assignment for entity set_instance_assignment -name IO_STANDARD "2.5 V" -to ENET1_TX_DATA[1] -entity DE2_115 was ignored
    Warning (20014): Assignment for entity set_instance_assignment -name IO_STANDARD "2.5 V" -to ENET1_TX_DATA[2] -entity DE2_115 was ignored
    Warning (20014): Assignment for entity set_instance_assignment -name IO_STANDARD "2.5 V" -to ENET1_TX_DATA[3] -entity DE2_115 was ignored
    Warning (20014): Assignment for entity set_instance_assignment -name IO_STANDARD "2.5 V" -to ENET1_TX_EN -entity DE2_115 was ignored
    Warning (20014): Assignment for entity set_instance_assignment -name IO_STANDARD "2.5 V" -to ENET1_TX_ER -entity DE2_115 was ignored
    Warning (20014): Assignment for entity set_instance_assignment -name IO_STANDARD "3.3-V LVTTL" -to ENETCLK_25 -entity DE2_115 was ignored
    Warning (20014): Assignment for entity set_instance_assignment -name IO_STANDARD "3.3-V LVTTL" -to EX_IO[0] -entity DE2_115 was ignored
    Warning (20014): Assignment for entity set_instance_assignment -name IO_STANDARD "3.3-V LVTTL" -to EX_IO[1] -entity DE2_115 was ignored
    Warning (20014): Assignment for entity set_instance_assignment -name IO_STANDARD "3.3-V LVTTL" -to EX_IO[2] -entity DE2_115 was ignored
    Warning (20014): Assignment for entity set_instance_assignment -name IO_STANDARD "3.3-V LVTTL" -to EX_IO[3] -entity DE2_115 was ignored
    Warning (20014): Assignment for entity set_instance_assignment -name IO_STANDARD "3.3-V LVTTL" -to EX_IO[4] -entity DE2_115 was ignored
    Warning (20014): Assignment for entity set_instance_assignment -name IO_STANDARD "3.3-V LVTTL" -to EX_IO[5] -entity DE2_115 was ignored
    Warning (20014): Assignment for entity set_instance_assignment -name IO_STANDARD "3.3-V LVTTL" -to EX_IO[6] -entity DE2_115 was ignored
    Warning (20014): Assignment for entity set_instance_assignment -name IO_STANDARD "3.3-V LVTTL" -to FL_ADDR[0] -entity DE2_115 was ignored
    Warning (20014): Assignment for entity set_instance_assignment -name IO_STANDARD "3.3-V LVTTL" -to FL_ADDR[10] -entity DE2_115 was ignored
    Warning (20014): Assignment for entity set_instance_assignment -name IO_STANDARD "3.3-V LVTTL" -to FL_ADDR[11] -entity DE2_115 was ignored
    Warning (20014): Assignment for entity set_instance_assignment -name IO_STANDARD "3.3-V LVTTL" -to FL_ADDR[12] -entity DE2_115 was ignored
    Warning (20014): Assignment for entity set_instance_assignment -name IO_STANDARD "3.3-V LVTTL" -to FL_ADDR[13] -entity DE2_115 was ignored
    Warning (20014): Assignment for entity set_instance_assignment -name IO_STANDARD "3.3-V LVTTL" -to FL_ADDR[14] -entity DE2_115 was ignored
    Warning (20014): Assignment for entity set_instance_assignment -name IO_STANDARD "3.3-V LVTTL" -to FL_ADDR[15] -entity DE2_115 was ignored
    Warning (20014): Assignment for entity set_instance_assignment -name IO_STANDARD "3.3-V LVTTL" -to FL_ADDR[16] -entity DE2_115 was ignored
    Warning (20014): Assignment for entity set_instance_assignment -name IO_STANDARD "3.3-V LVTTL" -to FL_ADDR[17] -entity DE2_115 was ignored
    Warning (20014): Assignment for entity set_instance_assignment -name IO_STANDARD "3.3-V LVTTL" -to FL_ADDR[18] -entity DE2_115 was ignored
    Warning (20014): Assignment for entity set_instance_assignment -name IO_STANDARD "3.3-V LVTTL" -to FL_ADDR[19] -entity DE2_115 was ignored
    Warning (20014): Assignment for entity set_instance_assignment -name IO_STANDARD "3.3-V LVTTL" -to FL_ADDR[1] -entity DE2_115 was ignored
    Warning (20014): Assignment for entity set_instance_assignment -name IO_STANDARD "3.3-V LVTTL" -to FL_ADDR[20] -entity DE2_115 was ignored
    Warning (20014): Assignment for entity set_instance_assignment -name IO_STANDARD "3.3-V LVTTL" -to FL_ADDR[21] -entity DE2_115 was ignored
    Warning (20014): Assignment for entity set_instance_assignment -name IO_STANDARD "3.3-V LVTTL" -to FL_ADDR[22] -entity DE2_115 was ignored
    Warning (20014): Assignment for entity set_instance_assignment -name IO_STANDARD "3.3-V LVTTL" -to FL_ADDR[2] -entity DE2_115 was ignored
    Warning (20014): Assignment for entity set_instance_assignment -name IO_STANDARD "3.3-V LVTTL" -to FL_ADDR[3] -entity DE2_115 was ignored
    Warning (20014): Assignment for entity set_instance_assignment -name IO_STANDARD "3.3-V LVTTL" -to FL_ADDR[4] -entity DE2_115 was ignored
    Warning (20014): Assignment for entity set_instance_assignment -name IO_STANDARD "3.3-V LVTTL" -to FL_ADDR[5] -entity DE2_115 was ignored
    Warning (20014): Assignment for entity set_instance_assignment -name IO_STANDARD "3.3-V LVTTL" -to FL_ADDR[6] -entity DE2_115 was ignored
    Warning (20014): Assignment for entity set_instance_assignment -name IO_STANDARD "3.3-V LVTTL" -to FL_ADDR[7] -entity DE2_115 was ignored
    Warning (20014): Assignment for entity set_instance_assignment -name IO_STANDARD "3.3-V LVTTL" -to FL_ADDR[8] -entity DE2_115 was ignored
    Warning (20014): Assignment for entity set_instance_assignment -name IO_STANDARD "3.3-V LVTTL" -to FL_ADDR[9] -entity DE2_115 was ignored
    Warning (20014): Assignment for entity set_instance_assignment -name IO_STANDARD "3.3-V LVTTL" -to FL_CE_N -entity DE2_115 was ignored
    Warning (20014): Assignment for entity set_instance_assignment -name IO_STANDARD "3.3-V LVTTL" -to FL_DQ[0] -entity DE2_115 was ignored
    Warning (20014): Assignment for entity set_instance_assignment -name IO_STANDARD "3.3-V LVTTL" -to FL_DQ[1] -entity DE2_115 was ignored
    Warning (20014): Assignment for entity set_instance_assignment -name IO_STANDARD "3.3-V LVTTL" -to FL_DQ[2] -entity DE2_115 was ignored
    Warning (20014): Assignment for entity set_instance_assignment -name IO_STANDARD "3.3-V LVTTL" -to FL_DQ[3] -entity DE2_115 was ignored
    Warning (20014): Assignment for entity set_instance_assignment -name IO_STANDARD "3.3-V LVTTL" -to FL_DQ[4] -entity DE2_115 was ignored
    Warning (20014): Assignment for entity set_instance_assignment -name IO_STANDARD "3.3-V LVTTL" -to FL_DQ[5] -entity DE2_115 was ignored
    Warning (20014): Assignment for entity set_instance_assignment -name IO_STANDARD "3.3-V LVTTL" -to FL_DQ[6] -entity DE2_115 was ignored
    Warning (20014): Assignment for entity set_instance_assignment -name IO_STANDARD "3.3-V LVTTL" -to FL_DQ[7] -entity DE2_115 was ignored
    Warning (20014): Assignment for entity set_instance_assignment -name IO_STANDARD "3.3-V LVTTL" -to FL_OE_N -entity DE2_115 was ignored
    Warning (20014): Assignment for entity set_instance_assignment -name IO_STANDARD "3.3-V LVTTL" -to FL_RST_N -entity DE2_115 was ignored
    Warning (20014): Assignment for entity set_instance_assignment -name IO_STANDARD "3.3-V LVTTL" -to FL_RY -entity DE2_115 was ignored
    Warning (20014): Assignment for entity set_instance_assignment -name IO_STANDARD "3.3-V LVTTL" -to FL_WE_N -entity DE2_115 was ignored
    Warning (20014): Assignment for entity set_instance_assignment -name IO_STANDARD "3.3-V LVTTL" -to FL_WP_N -entity DE2_115 was ignored
    Warning (20014): Assignment for entity set_instance_assignment -name IO_STANDARD "2.5 V" -to HEX0[0] -entity DE2_115 was ignored
    Warning (20014): Assignment for entity set_instance_assignment -name IO_STANDARD "2.5 V" -to HEX0[1] -entity DE2_115 was ignored
    Warning (20014): Assignment for entity set_instance_assignment -name IO_STANDARD "2.5 V" -to HEX0[2] -entity DE2_115 was ignored
    Warning (20014): Assignment for entity set_instance_assignment -name IO_STANDARD "3.3-V LVTTL" -to HEX0[3] -entity DE2_115 was ignored
    Warning (20014): Assignment for entity set_instance_assignment -name IO_STANDARD "3.3-V LVTTL" -to HEX0[4] -entity DE2_115 was ignored
    Warning (20014): Assignment for entity set_instance_assignment -name IO_STANDARD "3.3-V LVTTL" -to HEX0[5] -entity DE2_115 was ignored
    Warning (20014): Assignment for entity set_instance_assignment -name IO_STANDARD "3.3-V LVTTL" -to HEX0[6] -entity DE2_115 was ignored
    Warning (20014): Assignment for entity set_instance_assignment -name IO_STANDARD "3.3-V LVTTL" -to HEX1[0] -entity DE2_115 was ignored
    Warning (20014): Assignment for entity set_instance_assignment -name IO_STANDARD "3.3-V LVTTL" -to HEX1[1] -entity DE2_115 was ignored
    Warning (20014): Assignment for entity set_instance_assignment -name IO_STANDARD "3.3-V LVTTL" -to HEX1[2] -entity DE2_115 was ignored
    Warning (20014): Assignment for entity set_instance_assignment -name IO_STANDARD "3.3-V LVTTL" -to HEX1[3] -entity DE2_115 was ignored
    Warning (20014): Assignment for entity set_instance_assignment -name IO_STANDARD "3.3-V LVTTL" -to HEX1[4] -entity DE2_115 was ignored
    Warning (20014): Assignment for entity set_instance_assignment -name IO_STANDARD "3.3-V LVTTL" -to HEX1[5] -entity DE2_115 was ignored
    Warning (20014): Assignment for entity set_instance_assignment -name IO_STANDARD "3.3-V LVTTL" -to HEX1[6] -entity DE2_115 was ignored
    Warning (20014): Assignment for entity set_instance_assignment -name IO_STANDARD "3.3-V LVTTL" -to HEX2[0] -entity DE2_115 was ignored
    Warning (20014): Assignment for entity set_instance_assignment -name IO_STANDARD "3.3-V LVTTL" -to HEX2[1] -entity DE2_115 was ignored
    Warning (20014): Assignment for entity set_instance_assignment -name IO_STANDARD "3.3-V LVTTL" -to HEX2[2] -entity DE2_115 was ignored
    Warning (20014): Assignment for entity set_instance_assignment -name IO_STANDARD "3.3-V LVTTL" -to HEX2[3] -entity DE2_115 was ignored
    Warning (20014): Assignment for entity set_instance_assignment -name IO_STANDARD "3.3-V LVTTL" -to HEX2[4] -entity DE2_115 was ignored
    Warning (20014): Assignment for entity set_instance_assignment -name IO_STANDARD "3.3-V LVTTL" -to HEX2[5] -entity DE2_115 was ignored
    Warning (20014): Assignment for entity set_instance_assignment -name IO_STANDARD "3.3-V LVTTL" -to HEX2[6] -entity DE2_115 was ignored
    Warning (20014): Assignment for entity set_instance_assignment -name IO_STANDARD "3.3-V LVTTL" -to HEX3[0] -entity DE2_115 was ignored
    Warning (20014): Assignment for entity set_instance_assignment -name IO_STANDARD "3.3-V LVTTL" -to HEX3[1] -entity DE2_115 was ignored
    Warning (20014): Assignment for entity set_instance_assignment -name IO_STANDARD "3.3-V LVTTL" -to HEX3[2] -entity DE2_115 was ignored
    Warning (20014): Assignment for entity set_instance_assignment -name IO_STANDARD "3.3-V LVTTL" -to HEX3[3] -entity DE2_115 was ignored
    Warning (20014): Assignment for entity set_instance_assignment -name IO_STANDARD "3.3-V LVTTL" -to HEX3[4] -entity DE2_115 was ignored
    Warning (20014): Assignment for entity set_instance_assignment -name IO_STANDARD "3.3-V LVTTL" -to HEX3[5] -entity DE2_115 was ignored
    Warning (20014): Assignment for entity set_instance_assignment -name IO_STANDARD "3.3-V LVTTL" -to HEX3[6] -entity DE2_115 was ignored
    Warning (20014): Assignment for entity set_instance_assignment -name IO_STANDARD "3.3-V LVTTL" -to HEX4[0] -entity DE2_115 was ignored
    Warning (20014): Assignment for entity set_instance_assignment -name IO_STANDARD "3.3-V LVTTL" -to HEX4[1] -entity DE2_115 was ignored
    Warning (20014): Assignment for entity set_instance_assignment -name IO_STANDARD "3.3-V LVTTL" -to HEX4[2] -entity DE2_115 was ignored
    Warning (20014): Assignment for entity set_instance_assignment -name IO_STANDARD "3.3-V LVTTL" -to HEX4[3] -entity DE2_115 was ignored
    Warning (20014): Assignment for entity set_instance_assignment -name IO_STANDARD "3.3-V LVTTL" -to HEX4[4] -entity DE2_115 was ignored
    Warning (20014): Assignment for entity set_instance_assignment -name IO_STANDARD "3.3-V LVTTL" -to HEX4[5] -entity DE2_115 was ignored
    Warning (20014): Assignment for entity set_instance_assignment -name IO_STANDARD "3.3-V LVTTL" -to HEX4[6] -entity DE2_115 was ignored
    Warning (20014): Assignment for entity set_instance_assignment -name IO_STANDARD "3.3-V LVTTL" -to HEX5[0] -entity DE2_115 was ignored
    Warning (20014): Assignment for entity set_instance_assignment -name IO_STANDARD "3.3-V LVTTL" -to HEX5[1] -entity DE2_115 was ignored
    Warning (20014): Assignment for entity set_instance_assignment -name IO_STANDARD "3.3-V LVTTL" -to HEX5[2] -entity DE2_115 was ignored
    Warning (20014): Assignment for entity set_instance_assignment -name IO_STANDARD "3.3-V LVTTL" -to HEX5[3] -entity DE2_115 was ignored
    Warning (20014): Assignment for entity set_instance_assignment -name IO_STANDARD "3.3-V LVTTL" -to HEX5[4] -entity DE2_115 was ignored
    Warning (20014): Assignment for entity set_instance_assignment -name IO_STANDARD "3.3-V LVTTL" -to HEX5[5] -entity DE2_115 was ignored
    Warning (20014): Assignment for entity set_instance_assignment -name IO_STANDARD "3.3-V LVTTL" -to HEX5[6] -entity DE2_115 was ignored
    Warning (20014): Assignment for entity set_instance_assignment -name IO_STANDARD "3.3-V LVTTL" -to HEX6[0] -entity DE2_115 was ignored
    Warning (20014): Assignment for entity set_instance_assignment -name IO_STANDARD "3.3-V LVTTL" -to HEX6[1] -entity DE2_115 was ignored
    Warning (20014): Assignment for entity set_instance_assignment -name IO_STANDARD "3.3-V LVTTL" -to HEX6[2] -entity DE2_115 was ignored
    Warning (20014): Assignment for entity set_instance_assignment -name IO_STANDARD "3.3-V LVTTL" -to HEX6[3] -entity DE2_115 was ignored
    Warning (20014): Assignment for entity set_instance_assignment -name IO_STANDARD "3.3-V LVTTL" -to HEX6[4] -entity DE2_115 was ignored
    Warning (20014): Assignment for entity set_instance_assignment -name IO_STANDARD "3.3-V LVTTL" -to HEX6[5] -entity DE2_115 was ignored
    Warning (20014): Assignment for entity set_instance_assignment -name IO_STANDARD "3.3-V LVTTL" -to HEX6[6] -entity DE2_115 was ignored
    Warning (20014): Assignment for entity set_instance_assignment -name IO_STANDARD "3.3-V LVTTL" -to HEX7[0] -entity DE2_115 was ignored
    Warning (20014): Assignment for entity set_instance_assignment -name IO_STANDARD "3.3-V LVTTL" -to HEX7[1] -entity DE2_115 was ignored
    Warning (20014): Assignment for entity set_instance_assignment -name IO_STANDARD "3.3-V LVTTL" -to HEX7[2] -entity DE2_115 was ignored
    Warning (20014): Assignment for entity set_instance_assignment -name IO_STANDARD "3.3-V LVTTL" -to HEX7[3] -entity DE2_115 was ignored
    Warning (20014): Assignment for entity set_instance_assignment -name IO_STANDARD "3.3-V LVTTL" -to HEX7[4] -entity DE2_115 was ignored
    Warning (20014): Assignment for entity set_instance_assignment -name IO_STANDARD "3.3-V LVTTL" -to HEX7[5] -entity DE2_115 was ignored
    Warning (20014): Assignment for entity set_instance_assignment -name IO_STANDARD "3.3-V LVTTL" -to HEX7[6] -entity DE2_115 was ignored
    Warning (20014): Assignment for entity set_instance_assignment -name IO_STANDARD "3.3-V LVTTL" -to I2C_SCLK -entity DE2_115 was ignored
    Warning (20014): Assignment for entity set_instance_assignment -name IO_STANDARD "3.3-V LVTTL" -to I2C_SDAT -entity DE2_115 was ignored
    Warning (20014): Assignment for entity set_instance_assignment -name IO_STANDARD "3.3-V LVTTL" -to IRDA_RXD -entity DE2_115 was ignored
    Warning (20014): Assignment for entity set_instance_assignment -name IO_STANDARD "3.3-V LVTTL" -to KEY[0] -entity DE2_115 was ignored
    Warning (20014): Assignment for entity set_instance_assignment -name IO_STANDARD "3.3-V LVTTL" -to KEY[1] -entity DE2_115 was ignored
    Warning (20014): Assignment for entity set_instance_assignment -name IO_STANDARD "3.3-V LVTTL" -to KEY[2] -entity DE2_115 was ignored
    Warning (20014): Assignment for entity set_instance_assignment -name IO_STANDARD "3.3-V LVTTL" -to KEY[3] -entity DE2_115 was ignored
    Warning (20014): Assignment for entity set_instance_assignment -name IO_STANDARD "3.3-V LVTTL" -to LCD_BLON -entity DE2_115 was ignored
    Warning (20014): Assignment for entity set_instance_assignment -name IO_STANDARD "3.3-V LVTTL" -to LCD_DATA[0] -entity DE2_115 was ignored
    Warning (20014): Assignment for entity set_instance_assignment -name IO_STANDARD "3.3-V LVTTL" -to LCD_DATA[1] -entity DE2_115 was ignored
    Warning (20014): Assignment for entity set_instance_assignment -name IO_STANDARD "3.3-V LVTTL" -to LCD_DATA[2] -entity DE2_115 was ignored
    Warning (20014): Assignment for entity set_instance_assignment -name IO_STANDARD "3.3-V LVTTL" -to LCD_DATA[3] -entity DE2_115 was ignored
    Warning (20014): Assignment for entity set_instance_assignment -name IO_STANDARD "3.3-V LVTTL" -to LCD_DATA[4] -entity DE2_115 was ignored
    Warning (20014): Assignment for entity set_instance_assignment -name IO_STANDARD "3.3-V LVTTL" -to LCD_DATA[5] -entity DE2_115 was ignored
    Warning (20014): Assignment for entity set_instance_assignment -name IO_STANDARD "3.3-V LVTTL" -to LCD_DATA[6] -entity DE2_115 was ignored
    Warning (20014): Assignment for entity set_instance_assignment -name IO_STANDARD "3.3-V LVTTL" -to LCD_DATA[7] -entity DE2_115 was ignored
    Warning (20014): Assignment for entity set_instance_assignment -name IO_STANDARD "3.3-V LVTTL" -to LCD_EN -entity DE2_115 was ignored
    Warning (20014): Assignment for entity set_instance_assignment -name IO_STANDARD "3.3-V LVTTL" -to LCD_ON -entity DE2_115 was ignored
    Warning (20014): Assignment for entity set_instance_assignment -name IO_STANDARD "3.3-V LVTTL" -to LCD_RS -entity DE2_115 was ignored
    Warning (20014): Assignment for entity set_instance_assignment -name IO_STANDARD "3.3-V LVTTL" -to LCD_RW -entity DE2_115 was ignored
    Warning (20014): Assignment for entity set_instance_assignment -name IO_STANDARD "2.5 V" -to LEDG[0] -entity DE2_115 was ignored
    Warning (20014): Assignment for entity set_instance_assignment -name IO_STANDARD "2.5 V" -to LEDG[1] -entity DE2_115 was ignored
    Warning (20014): Assignment for entity set_instance_assignment -name IO_STANDARD "2.5 V" -to LEDG[2] -entity DE2_115 was ignored
    Warning (20014): Assignment for entity set_instance_assignment -name IO_STANDARD "2.5 V" -to LEDG[3] -entity DE2_115 was ignored
    Warning (20014): Assignment for entity set_instance_assignment -name IO_STANDARD "2.5 V" -to LEDG[4] -entity DE2_115 was ignored
    Warning (20014): Assignment for entity set_instance_assignment -name IO_STANDARD "2.5 V" -to LEDG[5] -entity DE2_115 was ignored
    Warning (20014): Assignment for entity set_instance_assignment -name IO_STANDARD "2.5 V" -to LEDG[6] -entity DE2_115 was ignored
    Warning (20014): Assignment for entity set_instance_assignment -name IO_STANDARD "2.5 V" -to LEDG[7] -entity DE2_115 was ignored
    Warning (20014): Assignment for entity set_instance_assignment -name IO_STANDARD "2.5 V" -to LEDG[8] -entity DE2_115 was ignored
    Warning (20014): Assignment for entity set_instance_assignment -name IO_STANDARD "2.5 V" -to LEDR[0] -entity DE2_115 was ignored
    Warning (20014): Assignment for entity set_instance_assignment -name IO_STANDARD "2.5 V" -to LEDR[10] -entity DE2_115 was ignored
    Warning (20014): Assignment for entity set_instance_assignment -name IO_STANDARD "2.5 V" -to LEDR[11] -entity DE2_115 was ignored
    Warning (20014): Assignment for entity set_instance_assignment -name IO_STANDARD "2.5 V" -to LEDR[12] -entity DE2_115 was ignored
    Warning (20014): Assignment for entity set_instance_assignment -name IO_STANDARD "2.5 V" -to LEDR[13] -entity DE2_115 was ignored
    Warning (20014): Assignment for entity set_instance_assignment -name IO_STANDARD "2.5 V" -to LEDR[14] -entity DE2_115 was ignored
    Warning (20014): Assignment for entity set_instance_assignment -name IO_STANDARD "2.5 V" -to LEDR[15] -entity DE2_115 was ignored
    Warning (20014): Assignment for entity set_instance_assignment -name IO_STANDARD "2.5 V" -to LEDR[16] -entity DE2_115 was ignored
    Warning (20014): Assignment for entity set_instance_assignment -name IO_STANDARD "2.5 V" -to LEDR[17] -entity DE2_115 was ignored
    Warning (20014): Assignment for entity set_instance_assignment -name IO_STANDARD "2.5 V" -to LEDR[1] -entity DE2_115 was ignored
    Warning (20014): Assignment for entity set_instance_assignment -name IO_STANDARD "2.5 V" -to LEDR[2] -entity DE2_115 was ignored
    Warning (20014): Assignment for entity set_instance_assignment -name IO_STANDARD "2.5 V" -to LEDR[3] -entity DE2_115 was ignored
    Warning (20014): Assignment for entity set_instance_assignment -name IO_STANDARD "2.5 V" -to LEDR[4] -entity DE2_115 was ignored
    Warning (20014): Assignment for entity set_instance_assignment -name IO_STANDARD "2.5 V" -to LEDR[5] -entity DE2_115 was ignored
    Warning (20014): Assignment for entity set_instance_assignment -name IO_STANDARD "2.5 V" -to LEDR[6] -entity DE2_115 was ignored
    Warning (20014): Assignment for entity set_instance_assignment -name IO_STANDARD "2.5 V" -to LEDR[7] -entity DE2_115 was ignored
    Warning (20014): Assignment for entity set_instance_assignment -name IO_STANDARD "2.5 V" -to LEDR[8] -entity DE2_115 was ignored
    Warning (20014): Assignment for entity set_instance_assignment -name IO_STANDARD "2.5 V" -to LEDR[9] -entity DE2_115 was ignored
    Warning (20014): Assignment for entity set_instance_assignment -name IO_STANDARD "3.3-V LVTTL" -to OTG_ADDR[0] -entity DE2_115 was ignored
    Warning (20014): Assignment for entity set_instance_assignment -name IO_STANDARD "3.3-V LVTTL" -to OTG_ADDR[1] -entity DE2_115 was ignored
    Warning (20014): Assignment for entity set_instance_assignment -name IO_STANDARD "3.3-V LVTTL" -to OTG_CS_N -entity DE2_115 was ignored
    Warning (20014): Assignment for entity set_instance_assignment -name IO_STANDARD "3.3-V LVTTL" -to OTG_DACK_N[0] -entity DE2_115 was ignored
    Warning (20014): Assignment for entity set_instance_assignment -name IO_STANDARD "3.3-V LVTTL" -to OTG_DACK_N[1] -entity DE2_115 was ignored
    Warning (20014): Assignment for entity set_instance_assignment -name IO_STANDARD "3.3-V LVTTL" -to OTG_DATA[0] -entity DE2_115 was ignored
    Warning (20014): Assignment for entity set_instance_assignment -name IO_STANDARD "3.3-V LVTTL" -to OTG_DATA[10] -entity DE2_115 was ignored
    Warning (20014): Assignment for entity set_instance_assignment -name IO_STANDARD "3.3-V LVTTL" -to OTG_DATA[11] -entity DE2_115 was ignored
    Warning (20014): Assignment for entity set_instance_assignment -name IO_STANDARD "3.3-V LVTTL" -to OTG_DATA[12] -entity DE2_115 was ignored
    Warning (20014): Assignment for entity set_instance_assignment -name IO_STANDARD "3.3-V LVTTL" -to OTG_DATA[13] -entity DE2_115 was ignored
    Warning (20014): Assignment for entity set_instance_assignment -name IO_STANDARD "3.3-V LVTTL" -to OTG_DATA[14] -entity DE2_115 was ignored
    Warning (20014): Assignment for entity set_instance_assignment -name IO_STANDARD "3.3-V LVTTL" -to OTG_DATA[15] -entity DE2_115 was ignored
    Warning (20014): Assignment for entity set_instance_assignment -name IO_STANDARD "3.3-V LVTTL" -to OTG_DATA[1] -entity DE2_115 was ignored
    Warning (20014): Assignment for entity set_instance_assignment -name IO_STANDARD "3.3-V LVTTL" -to OTG_DATA[2] -entity DE2_115 was ignored
    Warning (20014): Assignment for entity set_instance_assignment -name IO_STANDARD "3.3-V LVTTL" -to OTG_DATA[3] -entity DE2_115 was ignored
    Warning (20014): Assignment for entity set_instance_assignment -name IO_STANDARD "3.3-V LVTTL" -to OTG_DATA[4] -entity DE2_115 was ignored
    Warning (20014): Assignment for entity set_instance_assignment -name IO_STANDARD "3.3-V LVTTL" -to OTG_DATA[5] -entity DE2_115 was ignored
    Warning (20014): Assignment for entity set_instance_assignment -name IO_STANDARD "3.3-V LVTTL" -to OTG_DATA[6] -entity DE2_115 was ignored
    Warning (20014): Assignment for entity set_instance_assignment -name IO_STANDARD "3.3-V LVTTL" -to OTG_DATA[7] -entity DE2_115 was ignored
    Warning (20014): Assignment for entity set_instance_assignment -name IO_STANDARD "3.3-V LVTTL" -to OTG_DATA[8] -entity DE2_115 was ignored
    Warning (20014): Assignment for entity set_instance_assignment -name IO_STANDARD "3.3-V LVTTL" -to OTG_DATA[9] -entity DE2_115 was ignored
    Warning (20014): Assignment for entity set_instance_assignment -name IO_STANDARD "3.3-V LVTTL" -to OTG_DREQ[0] -entity DE2_115 was ignored
    Warning (20014): Assignment for entity set_instance_assignment -name IO_STANDARD "3.3-V LVTTL" -to OTG_DREQ[1] -entity DE2_115 was ignored
    Warning (20014): Assignment for entity set_instance_assignment -name IO_STANDARD "3.3-V LVTTL" -to OTG_FSPEED -entity DE2_115 was ignored
    Warning (20014): Assignment for entity set_instance_assignment -name IO_STANDARD "3.3-V LVTTL" -to OTG_INT[0] -entity DE2_115 was ignored
    Warning (20014): Assignment for entity set_instance_assignment -name IO_STANDARD "3.3-V LVTTL" -to OTG_INT[1] -entity DE2_115 was ignored
    Warning (20014): Assignment for entity set_instance_assignment -name IO_STANDARD "3.3-V LVTTL" -to OTG_LSPEED -entity DE2_115 was ignored
    Warning (20014): Assignment for entity set_instance_assignment -name IO_STANDARD "3.3-V LVTTL" -to OTG_RD_N -entity DE2_115 was ignored
    Warning (20014): Assignment for entity set_instance_assignment -name IO_STANDARD "3.3-V LVTTL" -to OTG_RST_N -entity DE2_115 was ignored
    Warning (20014): Assignment for entity set_instance_assignment -name IO_STANDARD "3.3-V LVTTL" -to OTG_WE_N -entity DE2_115 was ignored
    Warning (20014): Assignment for entity set_instance_assignment -name IO_STANDARD "3.3-V LVTTL" -to PS2_CLK -entity DE2_115 was ignored
    Warning (20014): Assignment for entity set_instance_assignment -name IO_STANDARD "3.3-V LVTTL" -to PS2_CLK2 -entity DE2_115 was ignored
    Warning (20014): Assignment for entity set_instance_assignment -name IO_STANDARD "3.3-V LVTTL" -to PS2_DAT -entity DE2_115 was ignored
    Warning (20014): Assignment for entity set_instance_assignment -name IO_STANDARD "3.3-V LVTTL" -to PS2_DAT2 -entity DE2_115 was ignored
    Warning (20014): Assignment for entity set_instance_assignment -name IO_STANDARD "3.3-V LVTTL" -to SD_CLK -entity DE2_115 was ignored
    Warning (20014): Assignment for entity set_instance_assignment -name IO_STANDARD "3.3-V LVTTL" -to SD_CMD -entity DE2_115 was ignored
    Warning (20014): Assignment for entity set_instance_assignment -name IO_STANDARD "3.3-V LVTTL" -to SD_DAT[0] -entity DE2_115 was ignored
    Warning (20014): Assignment for entity set_instance_assignment -name IO_STANDARD "3.3-V LVTTL" -to SD_DAT[1] -entity DE2_115 was ignored
    Warning (20014): Assignment for entity set_instance_assignment -name IO_STANDARD "3.3-V LVTTL" -to SD_DAT[2] -entity DE2_115 was ignored
    Warning (20014): Assignment for entity set_instance_assignment -name IO_STANDARD "3.3-V LVTTL" -to SD_DAT[3] -entity DE2_115 was ignored
    Warning (20014): Assignment for entity set_instance_assignment -name IO_STANDARD "3.3-V LVTTL" -to SD_WP_N -entity DE2_115 was ignored
    Warning (20014): Assignment for entity set_instance_assignment -name IO_STANDARD "3.3-V LVTTL" -to SMA_CLKIN -entity DE2_115 was ignored
    Warning (20014): Assignment for entity set_instance_assignment -name IO_STANDARD "3.3-V LVTTL" -to SMA_CLKOUT -entity DE2_115 was ignored
    Warning (20014): Assignment for entity set_instance_assignment -name IO_STANDARD "3.3-V LVTTL" -to SRAM_ADDR[0] -entity DE2_115 was ignored
    Warning (20014): Assignment for entity set_instance_assignment -name IO_STANDARD "3.3-V LVTTL" -to SRAM_ADDR[10] -entity DE2_115 was ignored
    Warning (20014): Assignment for entity set_instance_assignment -name IO_STANDARD "3.3-V LVTTL" -to SRAM_ADDR[11] -entity DE2_115 was ignored
    Warning (20014): Assignment for entity set_instance_assignment -name IO_STANDARD "3.3-V LVTTL" -to SRAM_ADDR[12] -entity DE2_115 was ignored
    Warning (20014): Assignment for entity set_instance_assignment -name IO_STANDARD "3.3-V LVTTL" -to SRAM_ADDR[13] -entity DE2_115 was ignored
    Warning (20014): Assignment for entity set_instance_assignment -name IO_STANDARD "3.3-V LVTTL" -to SRAM_ADDR[14] -entity DE2_115 was ignored
    Warning (20014): Assignment for entity set_instance_assignment -name IO_STANDARD "3.3-V LVTTL" -to SRAM_ADDR[15] -entity DE2_115 was ignored
    Warning (20014): Assignment for entity set_instance_assignment -name IO_STANDARD "3.3-V LVTTL" -to SRAM_ADDR[16] -entity DE2_115 was ignored
    Warning (20014): Assignment for entity set_instance_assignment -name IO_STANDARD "3.3-V LVTTL" -to SRAM_ADDR[17] -entity DE2_115 was ignored
    Warning (20014): Assignment for entity set_instance_assignment -name IO_STANDARD "3.3-V LVTTL" -to SRAM_ADDR[18] -entity DE2_115 was ignored
    Warning (20014): Assignment for entity set_instance_assignment -name IO_STANDARD "3.3-V LVTTL" -to SRAM_ADDR[19] -entity DE2_115 was ignored
    Warning (20014): Assignment for entity set_instance_assignment -name IO_STANDARD "3.3-V LVTTL" -to SRAM_ADDR[1] -entity DE2_115 was ignored
    Warning (20014): Assignment for entity set_instance_assignment -name IO_STANDARD "3.3-V LVTTL" -to SRAM_ADDR[2] -entity DE2_115 was ignored
    Warning (20014): Assignment for entity set_instance_assignment -name IO_STANDARD "3.3-V LVTTL" -to SRAM_ADDR[3] -entity DE2_115 was ignored
    Warning (20014): Assignment for entity set_instance_assignment -name IO_STANDARD "3.3-V LVTTL" -to SRAM_ADDR[4] -entity DE2_115 was ignored
    Warning (20014): Assignment for entity set_instance_assignment -name IO_STANDARD "3.3-V LVTTL" -to SRAM_ADDR[5] -entity DE2_115 was ignored
    Warning (20014): Assignment for entity set_instance_assignment -name IO_STANDARD "3.3-V LVTTL" -to SRAM_ADDR[6] -entity DE2_115 was ignored
    Warning (20014): Assignment for entity set_instance_assignment -name IO_STANDARD "3.3-V LVTTL" -to SRAM_ADDR[7] -entity DE2_115 was ignored
    Warning (20014): Assignment for entity set_instance_assignment -name IO_STANDARD "3.3-V LVTTL" -to SRAM_ADDR[8] -entity DE2_115 was ignored
    Warning (20014): Assignment for entity set_instance_assignment -name IO_STANDARD "3.3-V LVTTL" -to SRAM_ADDR[9] -entity DE2_115 was ignored
    Warning (20014): Assignment for entity set_instance_assignment -name IO_STANDARD "3.3-V LVTTL" -to SRAM_CE_N -entity DE2_115 was ignored
    Warning (20014): Assignment for entity set_instance_assignment -name IO_STANDARD "3.3-V LVTTL" -to SRAM_DQ[0] -entity DE2_115 was ignored
    Warning (20014): Assignment for entity set_instance_assignment -name IO_STANDARD "3.3-V LVTTL" -to SRAM_DQ[10] -entity DE2_115 was ignored
    Warning (20014): Assignment for entity set_instance_assignment -name IO_STANDARD "3.3-V LVTTL" -to SRAM_DQ[11] -entity DE2_115 was ignored
    Warning (20014): Assignment for entity set_instance_assignment -name IO_STANDARD "3.3-V LVTTL" -to SRAM_DQ[12] -entity DE2_115 was ignored
    Warning (20014): Assignment for entity set_instance_assignment -name IO_STANDARD "3.3-V LVTTL" -to SRAM_DQ[13] -entity DE2_115 was ignored
    Warning (20014): Assignment for entity set_instance_assignment -name IO_STANDARD "3.3-V LVTTL" -to SRAM_DQ[14] -entity DE2_115 was ignored
    Warning (20014): Assignment for entity set_instance_assignment -name IO_STANDARD "3.3-V LVTTL" -to SRAM_DQ[15] -entity DE2_115 was ignored
    Warning (20014): Assignment for entity set_instance_assignment -name IO_STANDARD "3.3-V LVTTL" -to SRAM_DQ[1] -entity DE2_115 was ignored
    Warning (20014): Assignment for entity set_instance_assignment -name IO_STANDARD "3.3-V LVTTL" -to SRAM_DQ[2] -entity DE2_115 was ignored
    Warning (20014): Assignment for entity set_instance_assignment -name IO_STANDARD "3.3-V LVTTL" -to SRAM_DQ[3] -entity DE2_115 was ignored
    Warning (20014): Assignment for entity set_instance_assignment -name IO_STANDARD "3.3-V LVTTL" -to SRAM_DQ[4] -entity DE2_115 was ignored
    Warning (20014): Assignment for entity set_instance_assignment -name IO_STANDARD "3.3-V LVTTL" -to SRAM_DQ[5] -entity DE2_115 was ignored
    Warning (20014): Assignment for entity set_instance_assignment -name IO_STANDARD "3.3-V LVTTL" -to SRAM_DQ[6] -entity DE2_115 was ignored
    Warning (20014): Assignment for entity set_instance_assignment -name IO_STANDARD "3.3-V LVTTL" -to SRAM_DQ[7] -entity DE2_115 was ignored
    Warning (20014): Assignment for entity set_instance_assignment -name IO_STANDARD "3.3-V LVTTL" -to SRAM_DQ[8] -entity DE2_115 was ignored
    Warning (20014): Assignment for entity set_instance_assignment -name IO_STANDARD "3.3-V LVTTL" -to SRAM_DQ[9] -entity DE2_115 was ignored
    Warning (20014): Assignment for entity set_instance_assignment -name IO_STANDARD "3.3-V LVTTL" -to SRAM_LB_N -entity DE2_115 was ignored
    Warning (20014): Assignment for entity set_instance_assignment -name IO_STANDARD "3.3-V LVTTL" -to SRAM_OE_N -entity DE2_115 was ignored
    Warning (20014): Assignment for entity set_instance_assignment -name IO_STANDARD "3.3-V LVTTL" -to SRAM_UB_N -entity DE2_115 was ignored
    Warning (20014): Assignment for entity set_instance_assignment -name IO_STANDARD "3.3-V LVTTL" -to SRAM_WE_N -entity DE2_115 was ignored
    Warning (20014): Assignment for entity set_instance_assignment -name IO_STANDARD "3.3-V LVTTL" -to SW[0] -entity DE2_115 was ignored
    Warning (20014): Assignment for entity set_instance_assignment -name IO_STANDARD "3.3-V LVTTL" -to SW[10] -entity DE2_115 was ignored
    Warning (20014): Assignment for entity set_instance_assignment -name IO_STANDARD "3.3-V LVTTL" -to SW[11] -entity DE2_115 was ignored
    Warning (20014): Assignment for entity set_instance_assignment -name IO_STANDARD "3.3-V LVTTL" -to SW[12] -entity DE2_115 was ignored
    Warning (20014): Assignment for entity set_instance_assignment -name IO_STANDARD "3.3-V LVTTL" -to SW[13] -entity DE2_115 was ignored
    Warning (20014): Assignment for entity set_instance_assignment -name IO_STANDARD "3.3-V LVTTL" -to SW[14] -entity DE2_115 was ignored
    Warning (20014): Assignment for entity set_instance_assignment -name IO_STANDARD "3.3-V LVTTL" -to SW[15] -entity DE2_115 was ignored
    Warning (20014): Assignment for entity set_instance_assignment -name IO_STANDARD "3.3-V LVTTL" -to SW[16] -entity DE2_115 was ignored
    Warning (20014): Assignment for entity set_instance_assignment -name IO_STANDARD "3.3-V LVTTL" -to SW[17] -entity DE2_115 was ignored
    Warning (20014): Assignment for entity set_instance_assignment -name IO_STANDARD "3.3-V LVTTL" -to SW[1] -entity DE2_115 was ignored
    Warning (20014): Assignment for entity set_instance_assignment -name IO_STANDARD "3.3-V LVTTL" -to SW[2] -entity DE2_115 was ignored
    Warning (20014): Assignment for entity set_instance_assignment -name IO_STANDARD "3.3-V LVTTL" -to SW[3] -entity DE2_115 was ignored
    Warning (20014): Assignment for entity set_instance_assignment -name IO_STANDARD "3.3-V LVTTL" -to SW[4] -entity DE2_115 was ignored
    Warning (20014): Assignment for entity set_instance_assignment -name IO_STANDARD "3.3-V LVTTL" -to SW[5] -entity DE2_115 was ignored
    Warning (20014): Assignment for entity set_instance_assignment -name IO_STANDARD "3.3-V LVTTL" -to SW[6] -entity DE2_115 was ignored
    Warning (20014): Assignment for entity set_instance_assignment -name IO_STANDARD "3.3-V LVTTL" -to SW[7] -entity DE2_115 was ignored
    Warning (20014): Assignment for entity set_instance_assignment -name IO_STANDARD "3.3-V LVTTL" -to SW[8] -entity DE2_115 was ignored
    Warning (20014): Assignment for entity set_instance_assignment -name IO_STANDARD "3.3-V LVTTL" -to SW[9] -entity DE2_115 was ignored
    Warning (20014): Assignment for entity set_instance_assignment -name IO_STANDARD "3.3-V LVTTL" -to TD_CLK27 -entity DE2_115 was ignored
    Warning (20014): Assignment for entity set_instance_assignment -name IO_STANDARD "3.3-V LVTTL" -to TD_DATA[0] -entity DE2_115 was ignored
    Warning (20014): Assignment for entity set_instance_assignment -name IO_STANDARD "3.3-V LVTTL" -to TD_DATA[1] -entity DE2_115 was ignored
    Warning (20014): Assignment for entity set_instance_assignment -name IO_STANDARD "3.3-V LVTTL" -to TD_DATA[2] -entity DE2_115 was ignored
    Warning (20014): Assignment for entity set_instance_assignment -name IO_STANDARD "3.3-V LVTTL" -to TD_DATA[3] -entity DE2_115 was ignored
    Warning (20014): Assignment for entity set_instance_assignment -name IO_STANDARD "3.3-V LVTTL" -to TD_DATA[4] -entity DE2_115 was ignored
    Warning (20014): Assignment for entity set_instance_assignment -name IO_STANDARD "3.3-V LVTTL" -to TD_DATA[5] -entity DE2_115 was ignored
    Warning (20014): Assignment for entity set_instance_assignment -name IO_STANDARD "3.3-V LVTTL" -to TD_DATA[6] -entity DE2_115 was ignored
    Warning (20014): Assignment for entity set_instance_assignment -name IO_STANDARD "3.3-V LVTTL" -to TD_DATA[7] -entity DE2_115 was ignored
    Warning (20014): Assignment for entity set_instance_assignment -name IO_STANDARD "3.3-V LVTTL" -to TD_HS -entity DE2_115 was ignored
    Warning (20014): Assignment for entity set_instance_assignment -name IO_STANDARD "3.3-V LVTTL" -to TD_RESET_N -entity DE2_115 was ignored
    Warning (20014): Assignment for entity set_instance_assignment -name IO_STANDARD "3.3-V LVTTL" -to TD_VS -entity DE2_115 was ignored
    Warning (20014): Assignment for entity set_instance_assignment -name IO_STANDARD "3.3-V LVTTL" -to UART_CTS -entity DE2_115 was ignored
    Warning (20014): Assignment for entity set_instance_assignment -name IO_STANDARD "3.3-V LVTTL" -to UART_RTS -entity DE2_115 was ignored
    Warning (20014): Assignment for entity set_instance_assignment -name IO_STANDARD "3.3-V LVTTL" -to UART_RXD -entity DE2_115 was ignored
    Warning (20014): Assignment for entity set_instance_assignment -name IO_STANDARD "3.3-V LVTTL" -to UART_TXD -entity DE2_115 was ignored
    Warning (20014): Assignment for entity set_instance_assignment -name IO_STANDARD "3.3-V LVTTL" -to VGA_BLANK_N -entity DE2_115 was ignored
    Warning (20014): Assignment for entity set_instance_assignment -name IO_STANDARD "3.3-V LVTTL" -to VGA_B[0] -entity DE2_115 was ignored
    Warning (20014): Assignment for entity set_instance_assignment -name IO_STANDARD "3.3-V LVTTL" -to VGA_B[1] -entity DE2_115 was ignored
    Warning (20014): Assignment for entity set_instance_assignment -name IO_STANDARD "3.3-V LVTTL" -to VGA_B[2] -entity DE2_115 was ignored
    Warning (20014): Assignment for entity set_instance_assignment -name IO_STANDARD "3.3-V LVTTL" -to VGA_B[3] -entity DE2_115 was ignored
    Warning (20014): Assignment for entity set_instance_assignment -name IO_STANDARD "3.3-V LVTTL" -to VGA_B[4] -entity DE2_115 was ignored
    Warning (20014): Assignment for entity set_instance_assignment -name IO_STANDARD "3.3-V LVTTL" -to VGA_B[5] -entity DE2_115 was ignored
    Warning (20014): Assignment for entity set_instance_assignment -name IO_STANDARD "3.3-V LVTTL" -to VGA_B[6] -entity DE2_115 was ignored
    Warning (20014): Assignment for entity set_instance_assignment -name IO_STANDARD "3.3-V LVTTL" -to VGA_B[7] -entity DE2_115 was ignored
    Warning (20014): Assignment for entity set_instance_assignment -name IO_STANDARD "3.3-V LVTTL" -to VGA_CLK -entity DE2_115 was ignored
    Warning (20014): Assignment for entity set_instance_assignment -name IO_STANDARD "3.3-V LVTTL" -to VGA_G[0] -entity DE2_115 was ignored
    Warning (20014): Assignment for entity set_instance_assignment -name IO_STANDARD "3.3-V LVTTL" -to VGA_G[1] -entity DE2_115 was ignored
    Warning (20014): Assignment for entity set_instance_assignment -name IO_STANDARD "3.3-V LVTTL" -to VGA_G[2] -entity DE2_115 was ignored
    Warning (20014): Assignment for entity set_instance_assignment -name IO_STANDARD "3.3-V LVTTL" -to VGA_G[3] -entity DE2_115 was ignored
    Warning (20014): Assignment for entity set_instance_assignment -name IO_STANDARD "3.3-V LVTTL" -to VGA_G[4] -entity DE2_115 was ignored
    Warning (20014): Assignment for entity set_instance_assignment -name IO_STANDARD "3.3-V LVTTL" -to VGA_G[5] -entity DE2_115 was ignored
    Warning (20014): Assignment for entity set_instance_assignment -name IO_STANDARD "3.3-V LVTTL" -to VGA_G[6] -entity DE2_115 was ignored
    Warning (20014): Assignment for entity set_instance_assignment -name IO_STANDARD "3.3-V LVTTL" -to VGA_G[7] -entity DE2_115 was ignored
    Warning (20014): Assignment for entity set_instance_assignment -name IO_STANDARD "3.3-V LVTTL" -to VGA_HS -entity DE2_115 was ignored
    Warning (20014): Assignment for entity set_instance_assignment -name IO_STANDARD "3.3-V LVTTL" -to VGA_R[0] -entity DE2_115 was ignored
    Warning (20014): Assignment for entity set_instance_assignment -name IO_STANDARD "3.3-V LVTTL" -to VGA_R[1] -entity DE2_115 was ignored
    Warning (20014): Assignment for entity set_instance_assignment -name IO_STANDARD "3.3-V LVTTL" -to VGA_R[2] -entity DE2_115 was ignored
    Warning (20014): Assignment for entity set_instance_assignment -name IO_STANDARD "3.3-V LVTTL" -to VGA_R[3] -entity DE2_115 was ignored
    Warning (20014): Assignment for entity set_instance_assignment -name IO_STANDARD "3.3-V LVTTL" -to VGA_R[4] -entity DE2_115 was ignored
    Warning (20014): Assignment for entity set_instance_assignment -name IO_STANDARD "3.3-V LVTTL" -to VGA_R[5] -entity DE2_115 was ignored
    Warning (20014): Assignment for entity set_instance_assignment -name IO_STANDARD "3.3-V LVTTL" -to VGA_R[6] -entity DE2_115 was ignored
    Warning (20014): Assignment for entity set_instance_assignment -name IO_STANDARD "3.3-V LVTTL" -to VGA_R[7] -entity DE2_115 was ignored
    Warning (20014): Assignment for entity set_instance_assignment -name IO_STANDARD "3.3-V LVTTL" -to VGA_SYNC_N -entity DE2_115 was ignored
    Warning (20014): Assignment for entity set_instance_assignment -name IO_STANDARD "3.3-V LVTTL" -to VGA_VS -entity DE2_115 was ignored
Info: Quartus Prime Analysis & Elaboration was successful. 0 errors, 419 warnings
    Info: Peak virtual memory: 4789 megabytes
    Info: Processing ended: Tue Nov 25 14:58:25 2025
    Info: Elapsed time: 00:00:21
    Info: Total CPU time (on all processors): 00:00:39


